935 935 130
115 112115 354
300978 302350 296
75 110011 354
210386 208208 342
4739 8910 262
564999 562300 421
259001 267002 407
999999 999209 396
5450 18090 279
1337 13337 276
202999 204000 311
161450 161530 215
389111 391473 436
408222 408200 206
420000 419900 281
878787 880828 357
969699 970888 458
4 111444 354
213322 225507 386
192845 200777 360
242198 242197 169
330143 340143 366
361565 363115 361
1001 2501 209
477777 467676 413
531222 536121 377
525525 530530 408
8080 1 262
834789 836201 344
850943 850600 251
888888 887766 401
725123 723999 362
666666 666222 292
680304 684300 380
184984 189448 347
239305 239935 306
214430 222222 386
269962 268800 345
135555 137777 331
80 8000 262
9999 990 262
300000 293847 371
476543 467543 413
546203 552212 452
604707 590439 403
608203 609304 359
859803 860746 357
925000 927000 370
525 725 171
862095 863509 326
817208 816935 313
935115 935935 414
765432 767890 331
696999 697989 318
632842 635903 416
604712 604711 67
577577 579135 359
110099 109 354
409077 415000 449
426000 426200 281
271271 275275 358
148932 138490 375
202202 201669 311
70 7007 262
358844 358355 348
400000 393393 405
500000 498887 395
622111 620999 372
725300 724000 362
723935 720935 411
115935 131313 344
193333 200731 360
205489 206984 373
940420 939500 383
932000 932050 277
911115 910300 308
616 116 144
907007 906207 370
886666 886777 251
853149 853941 357
780400 780700 300
720720 719458 349
638781 638103 354
558943 554902 390
340935 340935 229
242245 242300 213
9335 6335 260
2 2004 182
246108 254620 350
333999 323301 384
292929 302010 371
495264 494121 351
590031 600227 403
645800 646105 279
402204 393393 405
259207 261858 345
202659 204005 342
89 7 116
135500 137721 331
186666 186555 285
956989 957115 246
997600 997400 321
862268 863368 326
770001 773691 393
648789 649119 385
591804 601805 403
480501 483559 382
379991 381403 379
256653 258104 345
16922 18801 279
20971 55913 340
69 6969 262
437437 444444 400
622220 621970 310
